<?xml version="1.0" encoding="utf-8"?>
<coverage version="1" timestamp="1700000000" line-rate="0.75" branch-rate="0.5">
  <sources>
    <source>/home/user/src/MyProject</source>
  </sources>
  <packages>
    <package name="MyProject" line-rate="0.8" branch-rate="0.6" complexity="10">
      <classes>
        <class name="MyProject.Calculator" filename="/home/user/src/MyProject/Calculator.cs" line-rate="0.8571" branch-rate="0.5" complexity="5">
          <methods>
            <method name="Add" signature="(System.Int32, System.Int32)" line-rate="1" branch-rate="1" complexity="1">
              <lines>
                <line number="10" hits="5" branch="false" />
                <line number="11" hits="5" branch="false" />
                <line number="12" hits="5" branch="false" />
              </lines>
            </method>
            <method name="Divide" signature="(System.Int32, System.Int32)" line-rate="0.75" branch-rate="0.5" complexity="2">
              <lines>
                <line number="20" hits="3" branch="true" condition-coverage="50% (1/2)" />
                <line number="21" hits="0" branch="false" />
                <line number="22" hits="3" branch="false" />
                <line number="23" hits="3" branch="false" />
              </lines>
            </method>
            <method name="IsPositive" signature="(System.Int32)" line-rate="0.6667" branch-rate="0.5" complexity="2">
              <lines>
                <line number="30" hits="2" branch="true" condition-coverage="50% (1/2)" />
                <line number="31" hits="2" branch="false" />
                <line number="32" hits="0" branch="false" />
              </lines>
            </method>
          </methods>
          <lines>
            <line number="10" hits="5" branch="false" />
            <line number="11" hits="5" branch="false" />
            <line number="12" hits="5" branch="false" />
            <line number="20" hits="3" branch="true" condition-coverage="50% (1/2)" />
            <line number="21" hits="0" branch="false" />
            <line number="22" hits="3" branch="false" />
            <line number="23" hits="3" branch="false" />
            <line number="30" hits="2" branch="true" condition-coverage="50% (1/2)" />
            <line number="31" hits="2" branch="false" />
            <line number="32" hits="0" branch="false" />
          </lines>
        </class>
        <class name="MyProject.StringHelper" filename="/home/user/src/MyProject/StringHelper.cs" line-rate="0.6667" branch-rate="0" complexity="3">
          <methods>
            <method name="Reverse" signature="(System.String)" line-rate="1" branch-rate="1" complexity="1">
              <lines>
                <line number="5" hits="10" branch="false" />
                <line number="6" hits="10" branch="false" />
              </lines>
            </method>
            <method name="Truncate" signature="(System.String, System.Int32)" line-rate="0" branch-rate="0" complexity="2">
              <lines>
                <line number="10" hits="0" branch="false" />
                <line number="11" hits="0" branch="false" />
                <line number="12" hits="0" branch="false" />
              </lines>
            </method>
          </methods>
          <lines>
            <line number="5" hits="10" branch="false" />
            <line number="6" hits="10" branch="false" />
            <line number="10" hits="0" branch="false" />
            <line number="11" hits="0" branch="false" />
            <line number="12" hits="0" branch="false" />
          </lines>
        </class>
      </classes>
    </package>
    <package name="MyProject.Utils" line-rate="1" branch-rate="1" complexity="2">
      <classes>
        <class name="MyProject.Utils.MathExtensions" filename="/home/user/src/MyProject.Utils/MathExtensions.cs" line-rate="1" branch-rate="1" complexity="2">
          <methods>
            <method name="Clamp" signature="(System.Int32, System.Int32, System.Int32)" line-rate="1" branch-rate="1" complexity="2">
              <lines>
                <line number="8" hits="4" branch="true" condition-coverage="100% (2/2)" />
                <line number="9" hits="4" branch="false" />
                <line number="10" hits="2" branch="false" />
              </lines>
            </method>
          </methods>
          <lines>
            <line number="8" hits="4" branch="true" condition-coverage="100% (2/2)" />
            <line number="9" hits="4" branch="false" />
            <line number="10" hits="2" branch="false" />
          </lines>
        </class>
      </classes>
    </package>
  </packages>
</coverage>
